<?xml version="1.0" encoding="UTF-8"?>
<testng-results ignored="0" total="2" passed="2" failed="0" skipped="0">
  <reporter-output>
    <line>
      <![CDATA[Test script Execution started]]>
    </line>
    <line>
      <![CDATA[LTestTest script Execution is passed]]>
    </line>
    <line>
      <![CDATA[LaunchTestTest script Execution is passed]]>
    </line>
  </reporter-output>
  <suite started-at="2024-01-20T09:54:15 IST" name="Default suite" finished-at="2024-01-20T09:54:34 IST" duration-ms="18915">
    <groups>
    </groups>
    <test started-at="2024-01-20T09:54:15 IST" name="Default test" finished-at="2024-01-20T09:54:34 IST" duration-ms="18915">
      <class name="listener.TiraTest">
        <test-method signature="LTest()[pri:0, instance:listener.TiraTest@55a147cc]" started-at="2024-01-20T09:54:16 IST" name="LTest" finished-at="2024-01-20T09:54:23 IST" duration-ms="6798" status="PASS">
          <reporter-output>
            <line>
              <![CDATA[LTestTest script Execution is passed]]>
            </line>
          </reporter-output>
        </test-method> <!-- LTest -->
        <test-method signature="LaunchTest()[pri:0, instance:listener.TiraTest@55a147cc]" started-at="2024-01-20T09:54:23 IST" name="LaunchTest" finished-at="2024-01-20T09:54:34 IST" duration-ms="11801" status="PASS">
          <reporter-output>
            <line>
              <![CDATA[LaunchTestTest script Execution is passed]]>
            </line>
          </reporter-output>
        </test-method> <!-- LaunchTest -->
      </class> <!-- listener.TiraTest -->
    </test> <!-- Default test -->
  </suite> <!-- Default suite -->
</testng-results>
